Copyright 1986-2018 Xilinx, Inc. All Rights Reserved.
-----------------------------------------------------------------------------------------------------------------------------------------------
| Tool Version : Vivado v.2018.3 (win64) Build 2405991 Thu Dec  6 23:38:27 MST 2018
| Date         : Tue Feb 27 17:03:43 2024
| Host         : U211168 running 64-bit major release  (build 9200)
| Command      : report_methodology -file top_methodology_drc_routed.rpt -pb top_methodology_drc_routed.pb -rpx top_methodology_drc_routed.rpx
| Design       : top
| Device       : xc7z020clg484-1
| Speed File   : -1
| Design State : Fully Routed
-----------------------------------------------------------------------------------------------------------------------------------------------

Report Methodology

Table of Contents
-----------------
1. REPORT SUMMARY
2. REPORT DETAILS

1. REPORT SUMMARY
-----------------
            Netlist: netlist
          Floorplan: design_1
      Design limits: <entire design considered>
             Max violations: <unlimited>
             Violations found: 11
+-----------+----------+-------------------------------+------------+
| Rule      | Severity | Description                   | Violations |
+-----------+----------+-------------------------------+------------+
| TIMING-18 | Warning  | Missing input or output delay | 11         |
+-----------+----------+-------------------------------+------------+

2. REPORT DETAILS
-----------------
TIMING-18#1 Warning
Missing input or output delay  
An input delay is missing on PIN_RESET relative to clock(s) PIN_CLOCK_100
Related violations: <none>

TIMING-18#2 Warning
Missing input or output delay  
An input delay is missing on PIN_RX relative to clock(s) PIN_CLOCK_100
Related violations: <none>

TIMING-18#3 Warning
Missing input or output delay  
An output delay is missing on PIN_LED_TEST[0] relative to clock(s) PIN_CLOCK_100
Related violations: <none>

TIMING-18#4 Warning
Missing input or output delay  
An output delay is missing on PIN_LED_TEST[1] relative to clock(s) PIN_CLOCK_100
Related violations: <none>

TIMING-18#5 Warning
Missing input or output delay  
An output delay is missing on PIN_LED_TEST[2] relative to clock(s) PIN_CLOCK_100
Related violations: <none>

TIMING-18#6 Warning
Missing input or output delay  
An output delay is missing on PIN_LED_TEST[3] relative to clock(s) PIN_CLOCK_100
Related violations: <none>

TIMING-18#7 Warning
Missing input or output delay  
An output delay is missing on PIN_LED_TEST[4] relative to clock(s) PIN_CLOCK_100
Related violations: <none>

TIMING-18#8 Warning
Missing input or output delay  
An output delay is missing on PIN_LED_TEST[5] relative to clock(s) PIN_CLOCK_100
Related violations: <none>

TIMING-18#9 Warning
Missing input or output delay  
An output delay is missing on PIN_LED_TEST[6] relative to clock(s) PIN_CLOCK_100
Related violations: <none>

TIMING-18#10 Warning
Missing input or output delay  
An output delay is missing on PIN_LED_TEST[7] relative to clock(s) PIN_CLOCK_100
Related violations: <none>

TIMING-18#11 Warning
Missing input or output delay  
An output delay is missing on PIN_TX relative to clock(s) PIN_CLOCK_100
Related violations: <none>


