Running: C:\Xilinx\14.7\ISE_DS\ISE\bin\nt64\unwrapped\fuse.exe -intstyle ise -incremental -o C:/Users/Docencia/Downloads/diseno_sincrono/diseno_sincrono/para proyecto/RAM/PWM_top_tb_isim_beh.exe -prj C:/Users/Docencia/Downloads/diseno_sincrono/diseno_sincrono/para proyecto/RAM/PWM_top_tb_beh.prj work.PWM_top_tb 
ISim P.20131013 (signature 0x7708f090)
Number of CPUs detected in this system: 6
Turning on mult-threading, number of parallel sub-compilation jobs: 12 
Determining compilation order of HDL files
Parsing VHDL file "C:/Users/Docencia/Downloads/diseno_sincrono/diseno_sincrono/para proyecto/RAM/PWM_Unit.vhd" into library work
Parsing VHDL file "C:/Users/Docencia/Downloads/diseno_sincrono/diseno_sincrono/para proyecto/RAM/PreScaler.vhd" into library work
Parsing VHDL file "C:/Users/Docencia/Downloads/diseno_sincrono/diseno_sincrono/para proyecto/RAM/top_PWM.vhd" into library work
Parsing VHDL file "C:/Users/Docencia/Downloads/diseno_sincrono/diseno_sincrono/para proyecto/RAM/PWM_top_tb.vhd" into library work
Starting static elaboration
Completed static elaboration
Compiling package standard
Compiling package std_logic_1164
Compiling package std_logic_arith
Compiling package std_logic_unsigned
Compiling architecture behavioral of entity PreScaler [\PreScaler(128)\]
Compiling architecture behavioral of entity PWM_Unit [pwm_unit_default]
Compiling architecture behavioral of entity top_PWM [top_pwm_default]
Compiling architecture behavior of entity pwm_top_tb
Time Resolution for simulation is 1ps.
Waiting for 1 sub-compilation(s) to finish...
WARNING:Simulator - Unable to copy libPortabilityNOSH.dll to the simulation executable directory: boost::filesystem::copy_file: El sistema no puede encontrar la ruta especificada, "isim\PWM_top_tb_isim_beh.exe.sim\libPortability.dll".
Compiled 11 VHDL Units
Built simulation executable C:/Users/Docencia/Downloads/diseno_sincrono/diseno_sincrono/para proyecto/RAM/PWM_top_tb_isim_beh.exe
Fuse Memory Usage: 34388 KB
Fuse CPU Usage: 328 ms
