puts "#HD: Running synthesis for block Static"
create_project -in_memory -part xc7z020clg484-1 > ./Synth/Static/create_project.log
set_property source_mgmt_mode All [current_project]
add_files ./Sources/hdl/top/kcpsm6.vhd
set_property LIBRARY work [get_files ./Sources/hdl/top/kcpsm6.vhd]
add_files ./Sources/hdl/top/ROM_KCPSM6.vhd
set_property LIBRARY work [get_files ./Sources/hdl/top/ROM_KCPSM6.vhd]
add_files ./Sources/hdl/top/top.vhd
set_property LIBRARY work [get_files ./Sources/hdl/top/top.vhd]
add_files ./Sources/hdl/top/uart_rx6.vhd
set_property LIBRARY work [get_files ./Sources/hdl/top/uart_rx6.vhd]
add_files ./Sources/hdl/top/uart_tx6.vhd
set_property LIBRARY work [get_files ./Sources/hdl/top/uart_tx6.vhd]
add_files ./Sources/hdl/top/wbm_uart_kcpsm6.vhd
set_property LIBRARY work [get_files ./Sources/hdl/top/wbm_uart_kcpsm6.vhd]
synth_design -mode default -flatten_hierarchy rebuilt -top top -part xc7z020clg484-1 > ./Synth/Static/top_synth_design.rds
write_checkpoint -force ./Synth/Static/top_synth.dcp > ./Synth/Static/write_checkpoint.log
report_utilization -file ./Synth/Static/top_utilization_synth.rpt > ./Synth/Static/temp.log
close_project
puts "#HD: Synthesis of module Static complete\n"
